[22:01:28 31-05-2026] [Streaming Socket] [('192.168.14.159', 50612)] Lỗi xử lý STT trong thread: 400 Audio Timeout Error: Long duration elapsed without audio. Audio should be sent close to real time.
[00:07:57 02-06-2026] [Streaming Socket] Lỗi gửi dữ liệu về Client: sent 1001 (going away); then received 1000 (OK)
[17:43:36 08-06-2026] [Streaming Socket] Lỗi gửi dữ liệu về Client: no close frame received or sent
[19:05:29 08-06-2026] [Streaming Socket] Lỗi gửi dữ liệu về Client: no close frame received or sent
[19:32:39 08-06-2026] [Home Assistant] Lỗi kết nối: http://192.168.14.17:8123/api/states: HTTPConnectionPool(host='192.168.14.17', port=8123): Max retries exceeded with url: /api/states (Caused by NewConnectionError('<urllib3.connection.HTTPConnection object at 0x544c5640>: Failed to establish a new connection: [Errno 111] Connection refused'))
[19:33:04 08-06-2026] [Home Assistant] Lỗi kết nối: https://vutuyen.duckdns.org/api/states: HTTPSConnectionPool(host='vutuyen.duckdns.org', port=443): Max retries exceeded with url: /api/states (Caused by NewConnectionError('<urllib3.connection.VerifiedHTTPSConnection object at 0x544c5028>: Failed to establish a new connection: [Errno -3] Temporary failure in name resolution'))
[18:03:02 09-06-2026] [VBot XiaoZhi] Lỗi kết nối Socket với địa chỉ: wss://api.tenclass.net/xiaozhi/v1/, Mã Lỗi:: ping/pong timed out
[21:49:35 10-06-2026] [Start] Lỗi khi khởi động VBot: invalid syntax (Data_Processing.py, line 2568)
[11:44:39 14-06-2026] [11:44:39 14-06-2026] Khởi động thất bại. Cổng Port API: 5002 đã được sử dụng bởi các chương trình sau:
COMMAND   PID USER   FD   TYPE DEVICE SIZE/OFF NODE NAME
python3.9 709   pi   34u  IPv4  15289      0t0  TCP *:5002 (LISTEN)

[20:54:39 14-06-2026] [VBot XiaoZhi] Lỗi kết nối Socket với địa chỉ: wss://api.tenclass.net/xiaozhi/v1/, Mã Lỗi:: ping/pong timed out
[21:42:53 14-06-2026] [Start] Lỗi khi khởi động VBot: invalid syntax (Api.py, line 873)
[23:18:50 14-06-2026] [Start] Lỗi khi khởi động VBot: name 'threading' is not defined
[00:28:34 15-06-2026] [Start] Lỗi khi khởi động VBot: invalid syntax (Api.py, line 213)
[22:38:44 15-06-2026][VBot WebUI] Yêu cầu đăng nhập không hợp lệ!
[18:43:22 16-06-2026] [Start] Lỗi khi khởi động VBot: invalid syntax (Api.py, line 575)
[21:31:24 16-06-2026] [Start] Lỗi khi khởi động VBot: invalid syntax (VBot.py, line 175)
[18:25:07 17-06-2026] [18:25:07 17-06-2026] Khởi động thất bại. Cổng Port API: 5002 đã được sử dụng bởi các chương trình sau:
COMMAND   PID USER   FD   TYPE DEVICE SIZE/OFF NODE NAME
python3.9 724   pi   34u  IPv4  15919      0t0  TCP *:5002 (LISTEN)

[18:25:47 17-06-2026] [18:25:47 17-06-2026] Khởi động thất bại. Cổng Port API: 5002 đã được sử dụng bởi các chương trình sau:
COMMAND   PID USER   FD   TYPE DEVICE SIZE/OFF NODE NAME
python3.9 724   pi   34u  IPv4  15919      0t0  TCP *:5002 (LISTEN)

[19:24:57 17-06-2026] [BOT API] Lỗi xử lý media action 'stop': cannot unpack non-iterable bool object
[21:34:21 17-06-2026] [VBot XiaoZhi] Lỗi kết nối Socket với địa chỉ: wss://api.tenclass.net/xiaozhi/v1/, Mã Lỗi:: ping/pong timed out
[17:47:07 18-06-2026] [VBot XiaoZhi] Lỗi kết nối Socket với địa chỉ: wss://api.tenclass.net/xiaozhi/v1/, Mã Lỗi:: ping/pong timed out
[17:57:38 18-06-2026] [Start] Lỗi khi khởi động VBot: name 'start_bluetooth_monitor' is not defined
[17:59:45 18-06-2026] [Start] Lỗi khi khởi động VBot: name 'start_bluetooth_monitor' is not defined
[18:00:39 18-06-2026] [Start] Lỗi khi khởi động VBot: name 'start_bluetooth_monitor' is not defined
[18:03:25 18-06-2026] [Start] Lỗi khi khởi động VBot: name 'start_bluetooth_monitor' is not defined
[19:09:38 18-06-2026] [VBot XiaoZhi] Lỗi kết nối Socket với địa chỉ: wss://api.tenclass.net/xiaozhi/v1/, Mã Lỗi:: 'NoneType' object has no attribute 'sock'
[09:21:50 20-06-2026] [VBot XiaoZhi] Lỗi kết nối Socket với địa chỉ: wss://api.tenclass.net/xiaozhi/v1/, Mã Lỗi:: ping/pong timed out
[17:30:50 20-06-2026] [17:30:50 20-06-2026] Khởi động thất bại. Cổng Port API: 5002 đã được sử dụng bởi các chương trình sau:
COMMAND   PID USER   FD   TYPE DEVICE SIZE/OFF NODE NAME
python3.9 728   pi   41u  IPv4  14163      0t0  TCP *:5002 (LISTEN)

[19:55:16 20-06-2026] [VBot XiaoZhi] Lỗi kết nối Socket với địa chỉ: wss://api.tenclass.net/xiaozhi/v1/, Mã Lỗi:: Handshake status 504 Gateway Time-out -+-+- {'date': 'Sat, 20 Jun 2026 12:55:16 GMT', 'content-type': 'text/html', 'content-length': '174', 'connection': 'keep-alive', 'via': 'HTTP/1.1 SLB.6'} -+-+- b'<html>\r\n<head><title>504 Gateway Time-out</title></head>\r\n<body bgcolor="white">\r\n<center><h1>504 Gateway Time-out</h1></center>\r\n<hr><center>alb</center>\r\n</body>\r\n</html>\r\n'
[07:13:49 21-06-2026] [07:13:49 21-06-2026] Khởi động thất bại. Cổng Port API: 5002 đã được sử dụng bởi các chương trình sau:
COMMAND   PID USER   FD   TYPE DEVICE SIZE/OFF NODE NAME
python3.9 720   pi   36u  IPv4  15100      0t0  TCP *:5002 (LISTEN)

[07:32:02 21-06-2026] [VBot XiaoZhi] Lỗi kết nối Socket với địa chỉ: wss://api.tenclass.net/xiaozhi/v1/, Mã Lỗi:: ping/pong timed out
[16:38:47 21-06-2026] [VBot XiaoZhi] Lỗi kết nối Socket với địa chỉ: wss://api.tenclass.net/xiaozhi/v1/, Mã Lỗi:: 'NoneType' object has no attribute 'sock'
[16:54:13 21-06-2026] [Start] Lỗi khi khởi động VBot: expected an indented block (Bluetooth.py, line 64)
